2016-05-02 01:21:12 [127.0.0.1][-][-][error][yii\base\InvalidConfigException] exception 'yii\base\InvalidConfigException' with message 'yii\web\Request::cookieValidationKey must be configured with a secret key.' in D:\OpenServer\domains\lesresurs.dev\vendor\yiisoft\yii2\web\Request.php:1219
Stack trace:
#0 D:\OpenServer\domains\lesresurs.dev\vendor\yiisoft\yii2\web\Request.php(1201): yii\web\Request->loadCookies()
#1 D:\OpenServer\domains\lesresurs.dev\vendor\yiisoft\yii2\web\Request.php(1287): yii\web\Request->getCookies()
#2 D:\OpenServer\domains\lesresurs.dev\vendor\yiisoft\yii2\web\Request.php(1266): yii\web\Request->loadCsrfToken()
#3 D:\OpenServer\domains\lesresurs.dev\vendor\yiisoft\yii2\helpers\BaseHtml.php(286): yii\web\Request->getCsrfToken()
#4 D:\OpenServer\domains\lesresurs.dev\views\layouts\main.php(20): yii\helpers\BaseHtml::csrfMetaTags()
#5 D:\OpenServer\domains\lesresurs.dev\vendor\yiisoft\yii2\base\View.php(325): require('D:\OpenServer\d...')
#6 D:\OpenServer\domains\lesresurs.dev\vendor\yiisoft\yii2\base\View.php(247): yii\base\View->renderPhpFile('D:\OpenServer\d...', Array)
#7 D:\OpenServer\domains\lesresurs.dev\vendor\yiisoft\yii2\base\Controller.php(386): yii\base\View->renderFile('D:\OpenServer\d...', Array, Object(app\controllers\SiteController))
#8 D:\OpenServer\domains\lesresurs.dev\vendor\yiisoft\yii2\base\Controller.php(372): yii\base\Controller->renderContent('<div class="sit...')
#9 D:\OpenServer\domains\lesresurs.dev\controllers\SiteController.php(52): yii\base\Controller->render('index')
#10 [internal function]: app\controllers\SiteController->actionIndex()
#11 D:\OpenServer\domains\lesresurs.dev\vendor\yiisoft\yii2\base\InlineAction.php(55): call_user_func_array(Array, Array)
#12 D:\OpenServer\domains\lesresurs.dev\vendor\yiisoft\yii2\base\Controller.php(151): yii\base\InlineAction->runWithParams(Array)
#13 D:\OpenServer\domains\lesresurs.dev\vendor\yiisoft\yii2\base\Module.php(455): yii\base\Controller->runAction('', Array)
#14 D:\OpenServer\domains\lesresurs.dev\vendor\yiisoft\yii2\web\Application.php(84): yii\base\Module->runAction('', Array)
#15 D:\OpenServer\domains\lesresurs.dev\vendor\yiisoft\yii2\base\Application.php(375): yii\web\Application->handleRequest(Object(yii\web\Request))
#16 D:\OpenServer\domains\lesresurs.dev\web\index.php(12): yii\base\Application->run()
#17 {main}
2016-05-02 01:21:10 [127.0.0.1][-][-][info][application] $_SERVER = [
    'HTTP_HOST' => 'lesresurs.dev'
    'HTTP_CONNECTION' => 'keep-alive'
    'HTTP_CACHE_CONTROL' => 'max-age=0'
    'HTTP_ACCEPT' => 'text/html,application/xhtml+xml,application/xml;q=0.9,image/webp,*/*;q=0.8'
    'HTTP_UPGRADE_INSECURE_REQUESTS' => '1'
    'HTTP_USER_AGENT' => 'Mozilla/5.0 (Windows NT 6.1) AppleWebKit/537.36 (KHTML, like Gecko) Chrome/49.0.2623.112 Safari/537.36'
    'HTTP_ACCEPT_ENCODING' => 'gzip, deflate, sdch'
    'HTTP_ACCEPT_LANGUAGE' => 'ru-RU,ru;q=0.8,en-US;q=0.6,en;q=0.4,es;q=0.2,bg;q=0.2'
    'PATH' => 'D:\\OpenServer\\modules\\php\\PHP-5.5\\ext;D:\\OpenServer\\modules\\php\\PHP-5.5\\pear;D:\\OpenServer\\modules\\php\\PHP-5.5\\pear\\bin;D:\\OpenServer\\modules\\imagemagick;D:\\OpenServer\\modules\\php\\PHP-5.5;D:\\OpenServer\\modules\\database\\MySQL-5.5\\bin;D:\\OpenServer\\modules\\http\\Apache-2.4\\bin;D:\\OpenServer\\modules\\http\\Apache-2.4;D:\\OpenServer\\modules\\wget\\bin;C:\\Windows\\system32;C:\\Windows;C:\\Windows\\system32\\Wbem'
    'SystemRoot' => 'C:\\Windows'
    'COMSPEC' => 'C:\\Windows\\system32\\cmd.exe'
    'PATHEXT' => '.COM;.EXE;.BAT;.CMD;.VBS;.VBE;.JS;.JSE;.WSF;.WSH;.MSC'
    'WINDIR' => 'C:\\Windows'
    'SERVER_SIGNATURE' => ''
    'SERVER_SOFTWARE' => 'Apache/2.4.9 (Win32)'
    'SERVER_NAME' => 'lesresurs.dev'
    'SERVER_ADDR' => '127.0.0.1'
    'SERVER_PORT' => '80'
    'REMOTE_ADDR' => '127.0.0.1'
    'DOCUMENT_ROOT' => 'D:/OpenServer/domains/lesresurs.dev/web'
    'REQUEST_SCHEME' => 'http'
    'CONTEXT_PREFIX' => ''
    'CONTEXT_DOCUMENT_ROOT' => 'D:/OpenServer/domains/lesresurs.dev/web'
    'SERVER_ADMIN' => '[no address given]'
    'SCRIPT_FILENAME' => 'D:/OpenServer/domains/lesresurs.dev/web/index.php'
    'REMOTE_PORT' => '49741'
    'GATEWAY_INTERFACE' => 'CGI/1.1'
    'SERVER_PROTOCOL' => 'HTTP/1.1'
    'REQUEST_METHOD' => 'GET'
    'QUERY_STRING' => ''
    'REQUEST_URI' => '/'
    'SCRIPT_NAME' => '/index.php'
    'PHP_SELF' => '/index.php'
    'REQUEST_TIME_FLOAT' => 1462137669.854
    'REQUEST_TIME' => 1462137669
    'argv' => []
    'argc' => 0
]
2016-05-02 01:22:09 [127.0.0.1][-][-][error][yii\base\InvalidConfigException] exception 'yii\base\InvalidConfigException' with message 'yii\web\Request::cookieValidationKey must be configured with a secret key.' in D:\OpenServer\domains\lesresurs.dev\vendor\yiisoft\yii2\web\Request.php:1219
Stack trace:
#0 D:\OpenServer\domains\lesresurs.dev\vendor\yiisoft\yii2\web\Request.php(1201): yii\web\Request->loadCookies()
#1 D:\OpenServer\domains\lesresurs.dev\vendor\yiisoft\yii2\web\Request.php(1287): yii\web\Request->getCookies()
#2 D:\OpenServer\domains\lesresurs.dev\vendor\yiisoft\yii2\web\Request.php(1266): yii\web\Request->loadCsrfToken()
#3 D:\OpenServer\domains\lesresurs.dev\vendor\yiisoft\yii2\helpers\BaseHtml.php(286): yii\web\Request->getCsrfToken()
#4 D:\OpenServer\domains\lesresurs.dev\views\layouts\main.php(20): yii\helpers\BaseHtml::csrfMetaTags()
#5 D:\OpenServer\domains\lesresurs.dev\vendor\yiisoft\yii2\base\View.php(325): require('D:\OpenServer\d...')
#6 D:\OpenServer\domains\lesresurs.dev\vendor\yiisoft\yii2\base\View.php(247): yii\base\View->renderPhpFile('D:\OpenServer\d...', Array)
#7 D:\OpenServer\domains\lesresurs.dev\vendor\yiisoft\yii2\base\Controller.php(386): yii\base\View->renderFile('D:\OpenServer\d...', Array, Object(app\controllers\SiteController))
#8 D:\OpenServer\domains\lesresurs.dev\vendor\yiisoft\yii2\base\Controller.php(372): yii\base\Controller->renderContent('<div class="sit...')
#9 D:\OpenServer\domains\lesresurs.dev\controllers\SiteController.php(52): yii\base\Controller->render('index')
#10 [internal function]: app\controllers\SiteController->actionIndex()
#11 D:\OpenServer\domains\lesresurs.dev\vendor\yiisoft\yii2\base\InlineAction.php(55): call_user_func_array(Array, Array)
#12 D:\OpenServer\domains\lesresurs.dev\vendor\yiisoft\yii2\base\Controller.php(151): yii\base\InlineAction->runWithParams(Array)
#13 D:\OpenServer\domains\lesresurs.dev\vendor\yiisoft\yii2\base\Module.php(455): yii\base\Controller->runAction('', Array)
#14 D:\OpenServer\domains\lesresurs.dev\vendor\yiisoft\yii2\web\Application.php(84): yii\base\Module->runAction('', Array)
#15 D:\OpenServer\domains\lesresurs.dev\vendor\yiisoft\yii2\base\Application.php(375): yii\web\Application->handleRequest(Object(yii\web\Request))
#16 D:\OpenServer\domains\lesresurs.dev\web\index.php(12): yii\base\Application->run()
#17 {main}
2016-05-02 01:22:09 [127.0.0.1][-][-][info][application] $_SERVER = [
    'HTTP_HOST' => 'lesresurs.dev'
    'HTTP_CONNECTION' => 'keep-alive'
    'HTTP_CACHE_CONTROL' => 'max-age=0'
    'HTTP_ACCEPT' => 'text/html,application/xhtml+xml,application/xml;q=0.9,image/webp,*/*;q=0.8'
    'HTTP_UPGRADE_INSECURE_REQUESTS' => '1'
    'HTTP_USER_AGENT' => 'Mozilla/5.0 (Windows NT 6.1) AppleWebKit/537.36 (KHTML, like Gecko) Chrome/49.0.2623.112 Safari/537.36'
    'HTTP_ACCEPT_ENCODING' => 'gzip, deflate, sdch'
    'HTTP_ACCEPT_LANGUAGE' => 'ru-RU,ru;q=0.8,en-US;q=0.6,en;q=0.4,es;q=0.2,bg;q=0.2'
    'PATH' => 'D:\\OpenServer\\modules\\php\\PHP-5.5\\ext;D:\\OpenServer\\modules\\php\\PHP-5.5\\pear;D:\\OpenServer\\modules\\php\\PHP-5.5\\pear\\bin;D:\\OpenServer\\modules\\imagemagick;D:\\OpenServer\\modules\\php\\PHP-5.5;D:\\OpenServer\\modules\\database\\MySQL-5.5\\bin;D:\\OpenServer\\modules\\http\\Apache-2.4\\bin;D:\\OpenServer\\modules\\http\\Apache-2.4;D:\\OpenServer\\modules\\wget\\bin;C:\\Windows\\system32;C:\\Windows;C:\\Windows\\system32\\Wbem'
    'SystemRoot' => 'C:\\Windows'
    'COMSPEC' => 'C:\\Windows\\system32\\cmd.exe'
    'PATHEXT' => '.COM;.EXE;.BAT;.CMD;.VBS;.VBE;.JS;.JSE;.WSF;.WSH;.MSC'
    'WINDIR' => 'C:\\Windows'
    'SERVER_SIGNATURE' => ''
    'SERVER_SOFTWARE' => 'Apache/2.4.9 (Win32)'
    'SERVER_NAME' => 'lesresurs.dev'
    'SERVER_ADDR' => '127.0.0.1'
    'SERVER_PORT' => '80'
    'REMOTE_ADDR' => '127.0.0.1'
    'DOCUMENT_ROOT' => 'D:/OpenServer/domains/lesresurs.dev/web'
    'REQUEST_SCHEME' => 'http'
    'CONTEXT_PREFIX' => ''
    'CONTEXT_DOCUMENT_ROOT' => 'D:/OpenServer/domains/lesresurs.dev/web'
    'SERVER_ADMIN' => '[no address given]'
    'SCRIPT_FILENAME' => 'D:/OpenServer/domains/lesresurs.dev/web/index.php'
    'REMOTE_PORT' => '50407'
    'GATEWAY_INTERFACE' => 'CGI/1.1'
    'SERVER_PROTOCOL' => 'HTTP/1.1'
    'REQUEST_METHOD' => 'GET'
    'QUERY_STRING' => ''
    'REQUEST_URI' => '/'
    'SCRIPT_NAME' => '/index.php'
    'PHP_SELF' => '/index.php'
    'REQUEST_TIME_FLOAT' => 1462137729.656
    'REQUEST_TIME' => 1462137729
    'argv' => []
    'argc' => 0
]
2016-05-02 01:22:14 [127.0.0.1][-][-][error][yii\base\InvalidConfigException] exception 'yii\base\InvalidConfigException' with message 'yii\web\Request::cookieValidationKey must be configured with a secret key.' in D:\OpenServer\domains\lesresurs.dev\vendor\yiisoft\yii2\web\Request.php:1219
Stack trace:
#0 D:\OpenServer\domains\lesresurs.dev\vendor\yiisoft\yii2\web\Request.php(1201): yii\web\Request->loadCookies()
#1 D:\OpenServer\domains\lesresurs.dev\vendor\yiisoft\yii2\web\Request.php(1287): yii\web\Request->getCookies()
#2 D:\OpenServer\domains\lesresurs.dev\vendor\yiisoft\yii2\web\Request.php(1266): yii\web\Request->loadCsrfToken()
#3 D:\OpenServer\domains\lesresurs.dev\vendor\yiisoft\yii2\helpers\BaseHtml.php(286): yii\web\Request->getCsrfToken()
#4 D:\OpenServer\domains\lesresurs.dev\views\layouts\main.php(20): yii\helpers\BaseHtml::csrfMetaTags()
#5 D:\OpenServer\domains\lesresurs.dev\vendor\yiisoft\yii2\base\View.php(325): require('D:\OpenServer\d...')
#6 D:\OpenServer\domains\lesresurs.dev\vendor\yiisoft\yii2\base\View.php(247): yii\base\View->renderPhpFile('D:\OpenServer\d...', Array)
#7 D:\OpenServer\domains\lesresurs.dev\vendor\yiisoft\yii2\base\Controller.php(386): yii\base\View->renderFile('D:\OpenServer\d...', Array, Object(app\controllers\SiteController))
#8 D:\OpenServer\domains\lesresurs.dev\vendor\yiisoft\yii2\base\Controller.php(372): yii\base\Controller->renderContent('<div class="sit...')
#9 D:\OpenServer\domains\lesresurs.dev\controllers\SiteController.php(52): yii\base\Controller->render('index')
#10 [internal function]: app\controllers\SiteController->actionIndex()
#11 D:\OpenServer\domains\lesresurs.dev\vendor\yiisoft\yii2\base\InlineAction.php(55): call_user_func_array(Array, Array)
#12 D:\OpenServer\domains\lesresurs.dev\vendor\yiisoft\yii2\base\Controller.php(151): yii\base\InlineAction->runWithParams(Array)
#13 D:\OpenServer\domains\lesresurs.dev\vendor\yiisoft\yii2\base\Module.php(455): yii\base\Controller->runAction('', Array)
#14 D:\OpenServer\domains\lesresurs.dev\vendor\yiisoft\yii2\web\Application.php(84): yii\base\Module->runAction('', Array)
#15 D:\OpenServer\domains\lesresurs.dev\vendor\yiisoft\yii2\base\Application.php(375): yii\web\Application->handleRequest(Object(yii\web\Request))
#16 D:\OpenServer\domains\lesresurs.dev\web\index.php(12): yii\base\Application->run()
#17 {main}
2016-05-02 01:22:14 [127.0.0.1][-][-][info][application] $_SERVER = [
    'HTTP_HOST' => 'lesresurs.dev'
    'HTTP_CONNECTION' => 'keep-alive'
    'HTTP_CACHE_CONTROL' => 'max-age=0'
    'HTTP_ACCEPT' => 'text/html,application/xhtml+xml,application/xml;q=0.9,image/webp,*/*;q=0.8'
    'HTTP_UPGRADE_INSECURE_REQUESTS' => '1'
    'HTTP_USER_AGENT' => 'Mozilla/5.0 (Windows NT 6.1) AppleWebKit/537.36 (KHTML, like Gecko) Chrome/49.0.2623.112 Safari/537.36'
    'HTTP_ACCEPT_ENCODING' => 'gzip, deflate, sdch'
    'HTTP_ACCEPT_LANGUAGE' => 'ru-RU,ru;q=0.8,en-US;q=0.6,en;q=0.4,es;q=0.2,bg;q=0.2'
    'PATH' => 'D:\\OpenServer\\modules\\php\\PHP-5.5\\ext;D:\\OpenServer\\modules\\php\\PHP-5.5\\pear;D:\\OpenServer\\modules\\php\\PHP-5.5\\pear\\bin;D:\\OpenServer\\modules\\imagemagick;D:\\OpenServer\\modules\\php\\PHP-5.5;D:\\OpenServer\\modules\\database\\MySQL-5.5\\bin;D:\\OpenServer\\modules\\http\\Apache-2.4\\bin;D:\\OpenServer\\modules\\http\\Apache-2.4;D:\\OpenServer\\modules\\wget\\bin;C:\\Windows\\system32;C:\\Windows;C:\\Windows\\system32\\Wbem'
    'SystemRoot' => 'C:\\Windows'
    'COMSPEC' => 'C:\\Windows\\system32\\cmd.exe'
    'PATHEXT' => '.COM;.EXE;.BAT;.CMD;.VBS;.VBE;.JS;.JSE;.WSF;.WSH;.MSC'
    'WINDIR' => 'C:\\Windows'
    'SERVER_SIGNATURE' => ''
    'SERVER_SOFTWARE' => 'Apache/2.4.9 (Win32)'
    'SERVER_NAME' => 'lesresurs.dev'
    'SERVER_ADDR' => '127.0.0.1'
    'SERVER_PORT' => '80'
    'REMOTE_ADDR' => '127.0.0.1'
    'DOCUMENT_ROOT' => 'D:/OpenServer/domains/lesresurs.dev/web'
    'REQUEST_SCHEME' => 'http'
    'CONTEXT_PREFIX' => ''
    'CONTEXT_DOCUMENT_ROOT' => 'D:/OpenServer/domains/lesresurs.dev/web'
    'SERVER_ADMIN' => '[no address given]'
    'SCRIPT_FILENAME' => 'D:/OpenServer/domains/lesresurs.dev/web/index.php'
    'REMOTE_PORT' => '50409'
    'GATEWAY_INTERFACE' => 'CGI/1.1'
    'SERVER_PROTOCOL' => 'HTTP/1.1'
    'REQUEST_METHOD' => 'GET'
    'QUERY_STRING' => ''
    'REQUEST_URI' => '/'
    'SCRIPT_NAME' => '/index.php'
    'PHP_SELF' => '/index.php'
    'REQUEST_TIME_FLOAT' => 1462137734.187
    'REQUEST_TIME' => 1462137734
    'argv' => []
    'argc' => 0
]
2016-05-02 01:22:16 [127.0.0.1][-][-][error][yii\base\InvalidConfigException] exception 'yii\base\InvalidConfigException' with message 'yii\web\Request::cookieValidationKey must be configured with a secret key.' in D:\OpenServer\domains\lesresurs.dev\vendor\yiisoft\yii2\web\Request.php:1219
Stack trace:
#0 D:\OpenServer\domains\lesresurs.dev\vendor\yiisoft\yii2\web\Request.php(1201): yii\web\Request->loadCookies()
#1 D:\OpenServer\domains\lesresurs.dev\vendor\yiisoft\yii2\web\Request.php(1287): yii\web\Request->getCookies()
#2 D:\OpenServer\domains\lesresurs.dev\vendor\yiisoft\yii2\web\Request.php(1266): yii\web\Request->loadCsrfToken()
#3 D:\OpenServer\domains\lesresurs.dev\vendor\yiisoft\yii2\helpers\BaseHtml.php(286): yii\web\Request->getCsrfToken()
#4 D:\OpenServer\domains\lesresurs.dev\views\layouts\main.php(20): yii\helpers\BaseHtml::csrfMetaTags()
#5 D:\OpenServer\domains\lesresurs.dev\vendor\yiisoft\yii2\base\View.php(325): require('D:\OpenServer\d...')
#6 D:\OpenServer\domains\lesresurs.dev\vendor\yiisoft\yii2\base\View.php(247): yii\base\View->renderPhpFile('D:\OpenServer\d...', Array)
#7 D:\OpenServer\domains\lesresurs.dev\vendor\yiisoft\yii2\base\Controller.php(386): yii\base\View->renderFile('D:\OpenServer\d...', Array, Object(app\controllers\SiteController))
#8 D:\OpenServer\domains\lesresurs.dev\vendor\yiisoft\yii2\base\Controller.php(372): yii\base\Controller->renderContent('<div class="sit...')
#9 D:\OpenServer\domains\lesresurs.dev\controllers\SiteController.php(52): yii\base\Controller->render('index')
#10 [internal function]: app\controllers\SiteController->actionIndex()
#11 D:\OpenServer\domains\lesresurs.dev\vendor\yiisoft\yii2\base\InlineAction.php(55): call_user_func_array(Array, Array)
#12 D:\OpenServer\domains\lesresurs.dev\vendor\yiisoft\yii2\base\Controller.php(151): yii\base\InlineAction->runWithParams(Array)
#13 D:\OpenServer\domains\lesresurs.dev\vendor\yiisoft\yii2\base\Module.php(455): yii\base\Controller->runAction('', Array)
#14 D:\OpenServer\domains\lesresurs.dev\vendor\yiisoft\yii2\web\Application.php(84): yii\base\Module->runAction('', Array)
#15 D:\OpenServer\domains\lesresurs.dev\vendor\yiisoft\yii2\base\Application.php(375): yii\web\Application->handleRequest(Object(yii\web\Request))
#16 D:\OpenServer\domains\lesresurs.dev\web\index.php(12): yii\base\Application->run()
#17 {main}
2016-05-02 01:22:16 [127.0.0.1][-][-][info][application] $_SERVER = [
    'HTTP_HOST' => 'lesresurs.dev'
    'HTTP_CONNECTION' => 'keep-alive'
    'HTTP_CACHE_CONTROL' => 'max-age=0'
    'HTTP_ACCEPT' => 'text/html,application/xhtml+xml,application/xml;q=0.9,image/webp,*/*;q=0.8'
    'HTTP_UPGRADE_INSECURE_REQUESTS' => '1'
    'HTTP_USER_AGENT' => 'Mozilla/5.0 (Windows NT 6.1) AppleWebKit/537.36 (KHTML, like Gecko) Chrome/49.0.2623.112 Safari/537.36'
    'HTTP_ACCEPT_ENCODING' => 'gzip, deflate, sdch'
    'HTTP_ACCEPT_LANGUAGE' => 'ru-RU,ru;q=0.8,en-US;q=0.6,en;q=0.4,es;q=0.2,bg;q=0.2'
    'PATH' => 'D:\\OpenServer\\modules\\php\\PHP-5.5\\ext;D:\\OpenServer\\modules\\php\\PHP-5.5\\pear;D:\\OpenServer\\modules\\php\\PHP-5.5\\pear\\bin;D:\\OpenServer\\modules\\imagemagick;D:\\OpenServer\\modules\\php\\PHP-5.5;D:\\OpenServer\\modules\\database\\MySQL-5.5\\bin;D:\\OpenServer\\modules\\http\\Apache-2.4\\bin;D:\\OpenServer\\modules\\http\\Apache-2.4;D:\\OpenServer\\modules\\wget\\bin;C:\\Windows\\system32;C:\\Windows;C:\\Windows\\system32\\Wbem'
    'SystemRoot' => 'C:\\Windows'
    'COMSPEC' => 'C:\\Windows\\system32\\cmd.exe'
    'PATHEXT' => '.COM;.EXE;.BAT;.CMD;.VBS;.VBE;.JS;.JSE;.WSF;.WSH;.MSC'
    'WINDIR' => 'C:\\Windows'
    'SERVER_SIGNATURE' => ''
    'SERVER_SOFTWARE' => 'Apache/2.4.9 (Win32)'
    'SERVER_NAME' => 'lesresurs.dev'
    'SERVER_ADDR' => '127.0.0.1'
    'SERVER_PORT' => '80'
    'REMOTE_ADDR' => '127.0.0.1'
    'DOCUMENT_ROOT' => 'D:/OpenServer/domains/lesresurs.dev/web'
    'REQUEST_SCHEME' => 'http'
    'CONTEXT_PREFIX' => ''
    'CONTEXT_DOCUMENT_ROOT' => 'D:/OpenServer/domains/lesresurs.dev/web'
    'SERVER_ADMIN' => '[no address given]'
    'SCRIPT_FILENAME' => 'D:/OpenServer/domains/lesresurs.dev/web/index.php'
    'REMOTE_PORT' => '50460'
    'GATEWAY_INTERFACE' => 'CGI/1.1'
    'SERVER_PROTOCOL' => 'HTTP/1.1'
    'REQUEST_METHOD' => 'GET'
    'QUERY_STRING' => ''
    'REQUEST_URI' => '/'
    'SCRIPT_NAME' => '/index.php'
    'PHP_SELF' => '/index.php'
    'REQUEST_TIME_FLOAT' => 1462137736.377
    'REQUEST_TIME' => 1462137736
    'argv' => []
    'argc' => 0
]
2016-05-02 01:22:19 [127.0.0.1][-][-][error][yii\base\InvalidConfigException] exception 'yii\base\InvalidConfigException' with message 'yii\web\Request::cookieValidationKey must be configured with a secret key.' in D:\OpenServer\domains\lesresurs.dev\vendor\yiisoft\yii2\web\Request.php:1219
Stack trace:
#0 D:\OpenServer\domains\lesresurs.dev\vendor\yiisoft\yii2\web\Request.php(1201): yii\web\Request->loadCookies()
#1 D:\OpenServer\domains\lesresurs.dev\vendor\yiisoft\yii2\web\Request.php(1287): yii\web\Request->getCookies()
#2 D:\OpenServer\domains\lesresurs.dev\vendor\yiisoft\yii2\web\Request.php(1266): yii\web\Request->loadCsrfToken()
#3 D:\OpenServer\domains\lesresurs.dev\vendor\yiisoft\yii2\helpers\BaseHtml.php(286): yii\web\Request->getCsrfToken()
#4 D:\OpenServer\domains\lesresurs.dev\views\layouts\main.php(20): yii\helpers\BaseHtml::csrfMetaTags()
#5 D:\OpenServer\domains\lesresurs.dev\vendor\yiisoft\yii2\base\View.php(325): require('D:\OpenServer\d...')
#6 D:\OpenServer\domains\lesresurs.dev\vendor\yiisoft\yii2\base\View.php(247): yii\base\View->renderPhpFile('D:\OpenServer\d...', Array)
#7 D:\OpenServer\domains\lesresurs.dev\vendor\yiisoft\yii2\base\Controller.php(386): yii\base\View->renderFile('D:\OpenServer\d...', Array, Object(app\controllers\SiteController))
#8 D:\OpenServer\domains\lesresurs.dev\vendor\yiisoft\yii2\base\Controller.php(372): yii\base\Controller->renderContent('<div class="sit...')
#9 D:\OpenServer\domains\lesresurs.dev\controllers\SiteController.php(52): yii\base\Controller->render('index')
#10 [internal function]: app\controllers\SiteController->actionIndex()
#11 D:\OpenServer\domains\lesresurs.dev\vendor\yiisoft\yii2\base\InlineAction.php(55): call_user_func_array(Array, Array)
#12 D:\OpenServer\domains\lesresurs.dev\vendor\yiisoft\yii2\base\Controller.php(151): yii\base\InlineAction->runWithParams(Array)
#13 D:\OpenServer\domains\lesresurs.dev\vendor\yiisoft\yii2\base\Module.php(455): yii\base\Controller->runAction('', Array)
#14 D:\OpenServer\domains\lesresurs.dev\vendor\yiisoft\yii2\web\Application.php(84): yii\base\Module->runAction('', Array)
#15 D:\OpenServer\domains\lesresurs.dev\vendor\yiisoft\yii2\base\Application.php(375): yii\web\Application->handleRequest(Object(yii\web\Request))
#16 D:\OpenServer\domains\lesresurs.dev\web\index.php(12): yii\base\Application->run()
#17 {main}
2016-05-02 01:22:19 [127.0.0.1][-][-][info][application] $_SERVER = [
    'HTTP_HOST' => 'lesresurs.dev'
    'HTTP_CONNECTION' => 'keep-alive'
    'HTTP_CACHE_CONTROL' => 'max-age=0'
    'HTTP_ACCEPT' => 'text/html,application/xhtml+xml,application/xml;q=0.9,image/webp,*/*;q=0.8'
    'HTTP_UPGRADE_INSECURE_REQUESTS' => '1'
    'HTTP_USER_AGENT' => 'Mozilla/5.0 (Windows NT 6.1) AppleWebKit/537.36 (KHTML, like Gecko) Chrome/49.0.2623.112 Safari/537.36'
    'HTTP_ACCEPT_ENCODING' => 'gzip, deflate, sdch'
    'HTTP_ACCEPT_LANGUAGE' => 'ru-RU,ru;q=0.8,en-US;q=0.6,en;q=0.4,es;q=0.2,bg;q=0.2'
    'PATH' => 'D:\\OpenServer\\modules\\php\\PHP-5.5\\ext;D:\\OpenServer\\modules\\php\\PHP-5.5\\pear;D:\\OpenServer\\modules\\php\\PHP-5.5\\pear\\bin;D:\\OpenServer\\modules\\imagemagick;D:\\OpenServer\\modules\\php\\PHP-5.5;D:\\OpenServer\\modules\\database\\MySQL-5.5\\bin;D:\\OpenServer\\modules\\http\\Apache-2.4\\bin;D:\\OpenServer\\modules\\http\\Apache-2.4;D:\\OpenServer\\modules\\wget\\bin;C:\\Windows\\system32;C:\\Windows;C:\\Windows\\system32\\Wbem'
    'SystemRoot' => 'C:\\Windows'
    'COMSPEC' => 'C:\\Windows\\system32\\cmd.exe'
    'PATHEXT' => '.COM;.EXE;.BAT;.CMD;.VBS;.VBE;.JS;.JSE;.WSF;.WSH;.MSC'
    'WINDIR' => 'C:\\Windows'
    'SERVER_SIGNATURE' => ''
    'SERVER_SOFTWARE' => 'Apache/2.4.9 (Win32)'
    'SERVER_NAME' => 'lesresurs.dev'
    'SERVER_ADDR' => '127.0.0.1'
    'SERVER_PORT' => '80'
    'REMOTE_ADDR' => '127.0.0.1'
    'DOCUMENT_ROOT' => 'D:/OpenServer/domains/lesresurs.dev/web'
    'REQUEST_SCHEME' => 'http'
    'CONTEXT_PREFIX' => ''
    'CONTEXT_DOCUMENT_ROOT' => 'D:/OpenServer/domains/lesresurs.dev/web'
    'SERVER_ADMIN' => '[no address given]'
    'SCRIPT_FILENAME' => 'D:/OpenServer/domains/lesresurs.dev/web/index.php'
    'REMOTE_PORT' => '50413'
    'GATEWAY_INTERFACE' => 'CGI/1.1'
    'SERVER_PROTOCOL' => 'HTTP/1.1'
    'REQUEST_METHOD' => 'GET'
    'QUERY_STRING' => ''
    'REQUEST_URI' => '/'
    'SCRIPT_NAME' => '/index.php'
    'PHP_SELF' => '/index.php'
    'REQUEST_TIME_FLOAT' => 1462137739.161
    'REQUEST_TIME' => 1462137739
    'argv' => []
    'argc' => 0
]
2016-05-02 15:08:02 [127.0.0.1][-][-][error][yii\web\HttpException:404] exception 'yii\base\InvalidRouteException' with message 'Unable to resolve the request: site/lumbering' in D:\OpenServer\domains\lesresurs.dev\vendor\yiisoft\yii2\base\Controller.php:122
Stack trace:
#0 D:\OpenServer\domains\lesresurs.dev\vendor\yiisoft\yii2\base\Module.php(455): yii\base\Controller->runAction('lumbering', Array)
#1 D:\OpenServer\domains\lesresurs.dev\vendor\yiisoft\yii2\web\Application.php(84): yii\base\Module->runAction('site/lumbering', Array)
#2 D:\OpenServer\domains\lesresurs.dev\vendor\yiisoft\yii2\base\Application.php(375): yii\web\Application->handleRequest(Object(yii\web\Request))
#3 D:\OpenServer\domains\lesresurs.dev\web\index.php(12): yii\base\Application->run()
#4 {main}

Next exception 'yii\web\NotFoundHttpException' with message 'Page not found.' in D:\OpenServer\domains\lesresurs.dev\vendor\yiisoft\yii2\web\Application.php:96
Stack trace:
#0 D:\OpenServer\domains\lesresurs.dev\vendor\yiisoft\yii2\base\Application.php(375): yii\web\Application->handleRequest(Object(yii\web\Request))
#1 D:\OpenServer\domains\lesresurs.dev\web\index.php(12): yii\base\Application->run()
#2 {main}
2016-05-02 15:08:02 [127.0.0.1][-][-][info][application] $_GET = [
    'r' => 'site/lumbering'
]

$_COOKIE = [
    '_csrf' => 'e15d107fe9d6c092d3cf08ee9a5b4cb2ba979b7b826b9b2b995ffcb28671136ca:2:{i:0;s:5:\"_csrf\";i:1;s:32:\"f-JuMje7bXti_5_Kvi9WYfpfxCFSVxx3\";}'
]

$_SERVER = [
    'HTTP_HOST' => 'lesresurs.dev'
    'HTTP_CONNECTION' => 'keep-alive'
    'HTTP_ACCEPT' => 'text/html,application/xhtml+xml,application/xml;q=0.9,image/webp,*/*;q=0.8'
    'HTTP_UPGRADE_INSECURE_REQUESTS' => '1'
    'HTTP_USER_AGENT' => 'Mozilla/5.0 (Windows NT 6.1) AppleWebKit/537.36 (KHTML, like Gecko) Chrome/49.0.2623.112 Safari/537.36'
    'HTTP_REFERER' => 'http://lesresurs.dev/'
    'HTTP_ACCEPT_ENCODING' => 'gzip, deflate, sdch'
    'HTTP_ACCEPT_LANGUAGE' => 'ru-RU,ru;q=0.8,en-US;q=0.6,en;q=0.4,es;q=0.2,bg;q=0.2'
    'HTTP_COOKIE' => '_csrf=e15d107fe9d6c092d3cf08ee9a5b4cb2ba979b7b826b9b2b995ffcb28671136ca%3A2%3A%7Bi%3A0%3Bs%3A5%3A%22_csrf%22%3Bi%3A1%3Bs%3A32%3A%22f-JuMje7bXti_5_Kvi9WYfpfxCFSVxx3%22%3B%7D'
    'PATH' => 'D:\\OpenServer\\modules\\php\\PHP-5.5\\ext;D:\\OpenServer\\modules\\php\\PHP-5.5\\pear;D:\\OpenServer\\modules\\php\\PHP-5.5\\pear\\bin;D:\\OpenServer\\modules\\imagemagick;D:\\OpenServer\\modules\\php\\PHP-5.5;D:\\OpenServer\\modules\\database\\MySQL-5.5\\bin;D:\\OpenServer\\modules\\http\\Apache-2.4\\bin;D:\\OpenServer\\modules\\http\\Apache-2.4;D:\\OpenServer\\modules\\wget\\bin;C:\\Windows\\system32;C:\\Windows;C:\\Windows\\system32\\Wbem'
    'SystemRoot' => 'C:\\Windows'
    'COMSPEC' => 'C:\\Windows\\system32\\cmd.exe'
    'PATHEXT' => '.COM;.EXE;.BAT;.CMD;.VBS;.VBE;.JS;.JSE;.WSF;.WSH;.MSC'
    'WINDIR' => 'C:\\Windows'
    'SERVER_SIGNATURE' => ''
    'SERVER_SOFTWARE' => 'Apache/2.4.9 (Win32)'
    'SERVER_NAME' => 'lesresurs.dev'
    'SERVER_ADDR' => '127.0.0.1'
    'SERVER_PORT' => '80'
    'REMOTE_ADDR' => '127.0.0.1'
    'DOCUMENT_ROOT' => 'D:/OpenServer/domains/lesresurs.dev/web'
    'REQUEST_SCHEME' => 'http'
    'CONTEXT_PREFIX' => ''
    'CONTEXT_DOCUMENT_ROOT' => 'D:/OpenServer/domains/lesresurs.dev/web'
    'SERVER_ADMIN' => '[no address given]'
    'SCRIPT_FILENAME' => 'D:/OpenServer/domains/lesresurs.dev/web/index.php'
    'REMOTE_PORT' => '53008'
    'GATEWAY_INTERFACE' => 'CGI/1.1'
    'SERVER_PROTOCOL' => 'HTTP/1.1'
    'REQUEST_METHOD' => 'GET'
    'QUERY_STRING' => 'r=site%2Flumbering'
    'REQUEST_URI' => '/index.php?r=site%2Flumbering'
    'SCRIPT_NAME' => '/index.php'
    'PHP_SELF' => '/index.php'
    'REQUEST_TIME_FLOAT' => 1462187282.585
    'REQUEST_TIME' => 1462187282
    'argv' => [
        0 => 'r=site%2Flumbering'
    ]
    'argc' => 1
]
2016-05-02 15:10:17 [127.0.0.1][-][-][error][yii\web\HttpException:404] exception 'yii\base\InvalidRouteException' with message 'Unable to resolve the request: site/lumbering' in D:\OpenServer\domains\lesresurs.dev\vendor\yiisoft\yii2\base\Controller.php:122
Stack trace:
#0 D:\OpenServer\domains\lesresurs.dev\vendor\yiisoft\yii2\base\Module.php(455): yii\base\Controller->runAction('lumbering', Array)
#1 D:\OpenServer\domains\lesresurs.dev\vendor\yiisoft\yii2\web\Application.php(84): yii\base\Module->runAction('site/lumbering', Array)
#2 D:\OpenServer\domains\lesresurs.dev\vendor\yiisoft\yii2\base\Application.php(375): yii\web\Application->handleRequest(Object(yii\web\Request))
#3 D:\OpenServer\domains\lesresurs.dev\web\index.php(12): yii\base\Application->run()
#4 {main}

Next exception 'yii\web\NotFoundHttpException' with message 'Page not found.' in D:\OpenServer\domains\lesresurs.dev\vendor\yiisoft\yii2\web\Application.php:96
Stack trace:
#0 D:\OpenServer\domains\lesresurs.dev\vendor\yiisoft\yii2\base\Application.php(375): yii\web\Application->handleRequest(Object(yii\web\Request))
#1 D:\OpenServer\domains\lesresurs.dev\web\index.php(12): yii\base\Application->run()
#2 {main}
2016-05-02 15:10:17 [127.0.0.1][-][-][info][application] $_COOKIE = [
    '_csrf' => 'e15d107fe9d6c092d3cf08ee9a5b4cb2ba979b7b826b9b2b995ffcb28671136ca:2:{i:0;s:5:\"_csrf\";i:1;s:32:\"f-JuMje7bXti_5_Kvi9WYfpfxCFSVxx3\";}'
]

$_SERVER = [
    'REDIRECT_STATUS' => '200'
    'HTTP_HOST' => 'lesresurs.dev'
    'HTTP_CONNECTION' => 'keep-alive'
    'HTTP_ACCEPT' => 'text/html,application/xhtml+xml,application/xml;q=0.9,image/webp,*/*;q=0.8'
    'HTTP_UPGRADE_INSECURE_REQUESTS' => '1'
    'HTTP_USER_AGENT' => 'Mozilla/5.0 (Windows NT 6.1) AppleWebKit/537.36 (KHTML, like Gecko) Chrome/49.0.2623.112 Safari/537.36'
    'HTTP_REFERER' => 'http://lesresurs.dev/index.php?r=site%2Flumbering'
    'HTTP_ACCEPT_ENCODING' => 'gzip, deflate, sdch'
    'HTTP_ACCEPT_LANGUAGE' => 'ru-RU,ru;q=0.8,en-US;q=0.6,en;q=0.4,es;q=0.2,bg;q=0.2'
    'HTTP_COOKIE' => '_csrf=e15d107fe9d6c092d3cf08ee9a5b4cb2ba979b7b826b9b2b995ffcb28671136ca%3A2%3A%7Bi%3A0%3Bs%3A5%3A%22_csrf%22%3Bi%3A1%3Bs%3A32%3A%22f-JuMje7bXti_5_Kvi9WYfpfxCFSVxx3%22%3B%7D'
    'PATH' => 'D:\\OpenServer\\modules\\php\\PHP-5.5\\ext;D:\\OpenServer\\modules\\php\\PHP-5.5\\pear;D:\\OpenServer\\modules\\php\\PHP-5.5\\pear\\bin;D:\\OpenServer\\modules\\imagemagick;D:\\OpenServer\\modules\\php\\PHP-5.5;D:\\OpenServer\\modules\\database\\MySQL-5.5\\bin;D:\\OpenServer\\modules\\http\\Apache-2.4\\bin;D:\\OpenServer\\modules\\http\\Apache-2.4;D:\\OpenServer\\modules\\wget\\bin;C:\\Windows\\system32;C:\\Windows;C:\\Windows\\system32\\Wbem'
    'SystemRoot' => 'C:\\Windows'
    'COMSPEC' => 'C:\\Windows\\system32\\cmd.exe'
    'PATHEXT' => '.COM;.EXE;.BAT;.CMD;.VBS;.VBE;.JS;.JSE;.WSF;.WSH;.MSC'
    'WINDIR' => 'C:\\Windows'
    'SERVER_SIGNATURE' => ''
    'SERVER_SOFTWARE' => 'Apache/2.4.9 (Win32)'
    'SERVER_NAME' => 'lesresurs.dev'
    'SERVER_ADDR' => '127.0.0.1'
    'SERVER_PORT' => '80'
    'REMOTE_ADDR' => '127.0.0.1'
    'DOCUMENT_ROOT' => 'D:/OpenServer/domains/lesresurs.dev/web'
    'REQUEST_SCHEME' => 'http'
    'CONTEXT_PREFIX' => ''
    'CONTEXT_DOCUMENT_ROOT' => 'D:/OpenServer/domains/lesresurs.dev/web'
    'SERVER_ADMIN' => '[no address given]'
    'SCRIPT_FILENAME' => 'D:/OpenServer/domains/lesresurs.dev/web/index.php'
    'REMOTE_PORT' => '54493'
    'REDIRECT_URL' => '/lumbering'
    'GATEWAY_INTERFACE' => 'CGI/1.1'
    'SERVER_PROTOCOL' => 'HTTP/1.1'
    'REQUEST_METHOD' => 'GET'
    'QUERY_STRING' => ''
    'REQUEST_URI' => '/lumbering'
    'SCRIPT_NAME' => '/index.php'
    'PHP_SELF' => '/index.php'
    'REQUEST_TIME_FLOAT' => 1462187417.53
    'REQUEST_TIME' => 1462187417
    'argv' => []
    'argc' => 0
]
